[11:53:17] [ServerMain/INFO]: [bootstrap] Running Java 21 (OpenJDK 64-Bit Server VM 21.0.8+9-LTS; Eclipse Adoptium Temurin-21.0.8+9) on Windows 11 10.0 (amd64)
[11:53:17] [ServerMain/INFO]: [bootstrap] Loading Paper 1.21.8-60-main@29c8822 (2025-09-06T21:49:13Z) for Minecraft 1.21.8
[11:53:19] [ServerMain/INFO]: [PluginInitializerManager] Initializing plugins...
[11:53:20] [ServerMain/INFO]: [PluginInitializerManager] Initialized 3 plugins
[11:53:20] [ServerMain/INFO]: [PluginInitializerManager] Bukkit plugins (3):
 - PlaceholderAPI (2.11.7), SniperJohnny_server_plugin_mcaffe_version (1.0.0), TAB (5.3.2)
[11:53:35] [ServerMain/INFO]: Environment: Environment[sessionHost=https://sessionserver.mojang.com, servicesHost=https://api.minecraftservices.com, name=PROD]
[11:53:42] [ServerMain/INFO]: Loaded 1407 recipes
[11:53:42] [ServerMain/INFO]: Loaded 1520 advancements
[11:53:42] [ServerMain/INFO]: [ca.spottedleaf.dataconverter.minecraft.datatypes.MCTypeRegistry] Initialising converters for DataConverter...
[11:53:44] [ServerMain/INFO]: [ca.spottedleaf.dataconverter.minecraft.datatypes.MCTypeRegistry] Finished initialising converters for DataConverter in 1.289,4ms
[11:53:44] [Server thread/INFO]: Starting minecraft server version 1.21.8
[11:53:44] [Server thread/INFO]: Loading properties
[11:53:44] [Server thread/INFO]: This server is running Paper version 1.21.8-60-main@29c8822 (2025-09-06T21:49:13Z) (Implementing API version 1.21.8-R0.1-SNAPSHOT)
[11:53:44] [Server thread/INFO]: [spark] This server bundles the spark profiler. For more information please visit https://docs.papermc.io/paper/profiling
[11:53:44] [Server thread/INFO]: Server Ping Player Sample Count: 12
[11:53:44] [Server thread/INFO]: Using 4 threads for Netty based IO
[11:53:46] [Server thread/INFO]: [MoonriseCommon] Paper is using 3 worker threads, 1 I/O threads
[11:53:46] [Server thread/INFO]: [ChunkTaskScheduler] Chunk system is using population gen parallelism: true
[11:53:46] [Server thread/INFO]: Default game type: SURVIVAL
[11:53:46] [Server thread/INFO]: Generating keypair
[11:53:46] [Server thread/INFO]: Starting Minecraft server on *:25565
[11:53:46] [Server thread/INFO]: Using default channel type
[11:53:47] [Server thread/INFO]: Paper: Using Java compression from Velocity.
[11:53:47] [Server thread/INFO]: Paper: Using Java cipher from Velocity.
[11:53:47] [Server thread/INFO]: [PlaceholderAPI] Loading server plugin PlaceholderAPI v2.11.7
[11:53:47] [Server thread/INFO]: [TAB] Loading server plugin TAB v5.3.2
[11:53:47] [Server thread/INFO]: [SniperJohnny_server_plugin_mcaffe_version] Loading server plugin SniperJohnny_server_plugin_mcaffe_version v1.0.0
[11:53:47] [Server thread/INFO]: Server permissions file permissions.yml is empty, ignoring it
[11:53:47] [Server thread/INFO]: Preparing level "world"
[11:53:49] [Server thread/INFO]: Preparing start region for dimension minecraft:overworld
[11:53:49] [Server thread/INFO]: Preparing spawn area: 0%
[11:53:49] [Server thread/INFO]: Preparing spawn area: 0%
[11:53:50] [Server thread/INFO]: Preparing spawn area: 12%
[11:53:50] [Server thread/INFO]: Preparing spawn area: 12%
[11:53:50] [Server thread/INFO]: Time elapsed: 1849 ms
[11:53:50] [Server thread/INFO]: Preparing start region for dimension minecraft:the_nether
[11:53:50] [Server thread/INFO]: Preparing spawn area: 0%
[11:53:51] [Server thread/INFO]: Time elapsed: 180 ms
[11:53:51] [Server thread/INFO]: Preparing start region for dimension minecraft:the_end
[11:53:51] [Server thread/INFO]: Preparing spawn area: 0%
[11:53:51] [Server thread/INFO]: Time elapsed: 169 ms
[11:53:51] [Server thread/INFO]: [PlaceholderAPI] Enabling PlaceholderAPI v2.11.7
[11:53:52] [Server thread/INFO]: [PlaceholderAPI] Fetching available expansion information...
[11:53:52] [Server thread/INFO]: [TAB] Enabling TAB v5.3.2
[11:53:53] [Server thread/INFO]: [TAB] [WARN] [config.yml] tablist-name-formatting: Missing configuration section "tablist-name-formatting.disable-condition" of type String, using default value %world%=disabledworld.
[11:53:54] [Server thread/INFO]: [TAB] [WARN] Found a total of 1 issues.
[11:53:54] [Server thread/INFO]: [TAB] Enabled in 1315ms
[11:53:54] [Server thread/INFO]: [SniperJohnny_server_plugin_mcaffe_version] Enabling SniperJohnny_server_plugin_mcaffe_version v1.0.0
[11:53:54] [Server thread/INFO]: [SniperJohnny_server_plugin_mcaffe_version] Hello from the affenserverplugin
[11:53:54] [Server thread/INFO]: [spark] Starting background profiler...
[11:53:54] [Server thread/INFO]: [spark] The async-profiler engine is not supported for your os/arch (windows11/amd64), so the built-in Java engine will be used instead.
[11:53:54] [Server thread/INFO]: [PlaceholderAPI] Placeholder expansion registration initializing...
[11:53:54] [Server thread/INFO]: 0 placeholder hook(s) registered!
[11:53:54] [Server thread/INFO]: Done preparing level "world" (7.411s)
[11:53:54] [Server thread/INFO]: Running delayed init tasks
[11:53:54] [Server thread/INFO]: Done (38.719s)! For help, type "help"
[11:53:54] [Server thread/INFO]: [PlaceholderAPI] An update for PlaceholderAPI (v2.12.2) is available at:
[11:53:54] [Server thread/INFO]: [PlaceholderAPI] https://www.spigotmc.org/resources/placeholderapi.6245/
[11:55:26] [User Authenticator #0/INFO]: UUID of player SniperJohnny is 07cfe0f3-45d6-4c6f-9c07-d098c2cbe04a
[11:55:40] [Server thread/INFO]: Herzlich Willkommen zurück auf play.mcaffen.de: SniperJohnny.
[11:55:41] [Server thread/INFO]: SniperJohnny[/127.0.0.1:50069] logged in with entity id 5 at ([world]-144.77283133158537, 71.0, -63.968839393658435)
[11:55:41] [Server thread/WARN]: Can't keep up! Is the server overloaded? Running 6723ms or 134 ticks behind
[11:55:42] [TAB Processing Thread/INFO]: [TAB] [WARN] Player SniperJohnny's group (none) is not in sorting list! Sorting list: owner,admin,mod,helper,builder,vip,default. Player will be sorted on the bottom.
[11:55:54] [Server thread/WARN]: SniperJohnny moved too quickly! -6.470926546282811,-0.2046003784434305,-7.9454031767214275
[11:55:57] [Server thread/INFO]: SniperJohnny lost connection: Disconnected
[11:55:57] [Server thread/INFO]: SniperJohnny left the game
[11:56:03] [Server thread/INFO]: Stopping server
[11:56:03] [Server thread/INFO]: [SniperJohnny_server_plugin_mcaffe_version] Disabling SniperJohnny_server_plugin_mcaffe_version v1.0.0
[11:56:03] [Server thread/INFO]: [TAB] Disabling TAB v5.3.2
[11:56:03] [Server thread/INFO]: [TAB] Disabled in 1ms
[11:56:03] [Server thread/INFO]: [PlaceholderAPI] Disabling PlaceholderAPI v2.11.7
[11:56:03] [Server thread/INFO]: Saving players
[11:56:03] [Server thread/INFO]: Saving worlds
[11:56:03] [Server thread/INFO]: Saving chunks for level 'ServerLevel[world]'/minecraft:overworld
[11:56:03] [Server thread/INFO]: [ChunkHolderManager] Waiting 60s for chunk system to halt for world 'world'
[11:56:03] [Server thread/INFO]: [ChunkHolderManager] Halted chunk system for world 'world'
[11:56:03] [Server thread/INFO]: [ChunkHolderManager] Saving all chunkholders for world 'world'
[11:56:06] [Server thread/INFO]: [ChunkHolderManager] Saved 724 block chunks, 724 entity chunks, 0 poi chunks in world 'world' in 2,47s
[11:56:06] [Server thread/INFO]: [ChunkHolderManager] Waiting 60s for chunk I/O to halt for world 'world'
[11:56:06] [Server thread/INFO]: [ChunkHolderManager] Halted I/O scheduler for world 'world'
[11:56:06] [Server thread/INFO]: Saving chunks for level 'ServerLevel[world_nether]'/minecraft:the_nether
[11:56:06] [Server thread/INFO]: [ChunkHolderManager] Waiting 60s for chunk system to halt for world 'world_nether'
[11:56:06] [Server thread/INFO]: [ChunkHolderManager] Halted chunk system for world 'world_nether'
[11:56:06] [Server thread/INFO]: [ChunkHolderManager] Saving all chunkholders for world 'world_nether'
[11:56:06] [Server thread/INFO]: [ChunkHolderManager] Saved 49 block chunks, 49 entity chunks, 0 poi chunks in world 'world_nether' in 0,10s
[11:56:06] [Server thread/INFO]: [ChunkHolderManager] Waiting 60s for chunk I/O to halt for world 'world_nether'
[11:56:06] [Server thread/INFO]: [ChunkHolderManager] Halted I/O scheduler for world 'world_nether'
[11:56:06] [Server thread/INFO]: Saving chunks for level 'ServerLevel[world_the_end]'/minecraft:the_end
[11:56:06] [Server thread/INFO]: [ChunkHolderManager] Waiting 60s for chunk system to halt for world 'world_the_end'
[11:56:06] [Server thread/INFO]: [ChunkHolderManager] Halted chunk system for world 'world_the_end'
[11:56:06] [Server thread/INFO]: [ChunkHolderManager] Saving all chunkholders for world 'world_the_end'
[11:56:06] [Server thread/INFO]: [ChunkHolderManager] Saved 49 block chunks, 49 entity chunks, 0 poi chunks in world 'world_the_end' in 0,12s
[11:56:06] [Server thread/INFO]: [ChunkHolderManager] Waiting 60s for chunk I/O to halt for world 'world_the_end'
[11:56:06] [Server thread/INFO]: [ChunkHolderManager] Halted I/O scheduler for world 'world_the_end'
[11:56:06] [Server thread/INFO]: ThreadedAnvilChunkStorage (world): All chunks are saved
[11:56:06] [Server thread/INFO]: ThreadedAnvilChunkStorage (DIM-1): All chunks are saved
[11:56:06] [Server thread/INFO]: ThreadedAnvilChunkStorage (DIM1): All chunks are saved
[11:56:06] [Server thread/INFO]: ThreadedAnvilChunkStorage: All dimensions are saved
[11:56:06] [Server thread/INFO]: Waiting for all RegionFile I/O tasks to complete...
[11:56:06] [Server thread/INFO]: All RegionFile I/O tasks to complete
[11:56:06] [Server thread/INFO]: [MoonriseCommon] Awaiting termination of worker pool for up to 60s...
[11:56:06] [Server thread/INFO]: [MoonriseCommon] Awaiting termination of I/O pool for up to 60s...
